"5379","DESKTOP-M50Q44R","System.Byte[]","10498","(13824)","13824","SuccessAudit","Credential Manager credentials were read.

Subject:
	Security ID:		S-1-5-18
	Account Name:		DESKTOP-M50Q44R$
	Account Domain:		WORKGROUP
	Logon ID:		0x3e7
	Read Operation:		%%8100

This event occurs when a user performs a read operation on stored credentials in Credential Manager.","Microsoft-Windows-Security-Auditing","System.String[]","5379","11/10/2023 8:54:42 AM","11/10/2023 8:54:42 AM",,,
"5379","DESKTOP-M50Q44R","System.Byte[]","10497","(13824)","13824","SuccessAudit","Credential Manager credentials were read.

Subject:
	Security ID:		S-1-5-18
	Account Name:		DESKTOP-M50Q44R$
	Account Domain:		WORKGROUP
	Logon ID:		0x3e7
	Read Operation:		%%8100

This event occurs when a user performs a read operation on stored credentials in Credential Manager.","Microsoft-Windows-Security-Auditing","System.String[]","5379","11/10/2023 8:54:42 AM","11/10/2023 8:54:42 AM",,,
"5379","DESKTOP-M50Q44R","System.Byte[]","10496","(13824)","13824","SuccessAudit","Credential Manager credentials were read.

Subject:
	Security ID:		S-1-5-18
	Account Name:		DESKTOP-M50Q44R$
	Account Domain:		WORKGROUP
	Logon ID:		0x3e7
	Read Operation:		%%8100

This event occurs when a user performs a read operation on stored credentials in Credential Manager.","Microsoft-Windows-Security-Auditing","System.String[]","5379","11/10/2023 8:54:42 AM","11/10/2023 8:54:42 AM",,,
"5379","DESKTOP-M50Q44R","System.Byte[]","10495","(13824)","13824","SuccessAudit","Credential Manager credentials were read.

Subject:
	Security ID:		S-1-5-18
	Account Name:		DESKTOP-M50Q44R$
	Account Domain:		WORKGROUP
	Logon ID:		0x3e7
	Read Operation:		%%8100

This event occurs when a user performs a read operation on stored credentials in Credential Manager.","Microsoft-Windows-Security-Auditing","System.String[]","5379","11/10/2023 8:54:42 AM","11/10/2023 8:54:42 AM",,,
"5379","DESKTOP-M50Q44R","System.Byte[]","10494","(13824)","13824","SuccessAudit","Credential Manager credentials were read.

Subject:
	Security ID:		S-1-5-18
	Account Name:		DESKTOP-M50Q44R$
	Account Domain:		WORKGROUP
	Logon ID:		0x3e7
	Read Operation:		%%8100

This event occurs when a user performs a read operation on stored credentials in Credential Manager.","Microsoft-Windows-Security-Auditing","System.String[]","5379","11/10/2023 8:54:42 AM","11/10/2023 8:54:42 AM",,,
"5379","DESKTOP-M50Q44R","System.Byte[]","10493","(13824)","13824","SuccessAudit","Credential Manager credentials were read.

Subject:
	Security ID:		S-1-5-18
	Account Name:		DESKTOP-M50Q44R$
	Account Domain:		WORKGROUP
	Logon ID:		0x3e7
	Read Operation:		%%8100

This event occurs when a user performs a read operation on stored credentials in Credential Manager.","Microsoft-Windows-Security-Auditing","System.String[]","5379","11/10/2023 8:54:42 AM","11/10/2023 8:54:42 AM",,,
"4798","DESKTOP-M50Q44R","System.Byte[]","10492","(13824)","13824","SuccessAudit","A user's local group membership was enumerated.

Subject:
	Security ID:		S-1-5-21-1786173469-1244174311-1611122494-1002
	Account Name:		champuser
	Account Domain:		DESKTOP-M50Q44R
	Logon ID:		0x332b8

User:
	Security ID:		S-1-5-21-1786173469-1244174311-1611122494-1002
	Account Name:		champuser
	Account Domain:		DESKTOP-M50Q44R

Process Information:
	Process ID:		0x15d4
	Process Name:		C:\Program Files\Notepad++\notepad++.exe","Microsoft-Windows-Security-Auditing","System.String[]","4798","11/10/2023 8:54:22 AM","11/10/2023 8:54:22 AM",,,
"5379","DESKTOP-M50Q44R","System.Byte[]","10491","(13824)","13824","SuccessAudit","Credential Manager credentials were read.

Subject:
	Security ID:		S-1-5-18
	Account Name:		DESKTOP-M50Q44R$
	Account Domain:		WORKGROUP
	Logon ID:		0x3e7
	Read Operation:		%%8100

This event occurs when a user performs a read operation on stored credentials in Credential Manager.","Microsoft-Windows-Security-Auditing","System.String[]","5379","11/10/2023 8:54:21 AM","11/10/2023 8:54:21 AM",,,
"5379","DESKTOP-M50Q44R","System.Byte[]","10490","(13824)","13824","SuccessAudit","Credential Manager credentials were read.

Subject:
	Security ID:		S-1-5-18
	Account Name:		DESKTOP-M50Q44R$
	Account Domain:		WORKGROUP
	Logon ID:		0x3e7
	Read Operation:		%%8100

This event occurs when a user performs a read operation on stored credentials in Credential Manager.","Microsoft-Windows-Security-Auditing","System.String[]","5379","11/10/2023 8:54:21 AM","11/10/2023 8:54:21 AM",,,
"5379","DESKTOP-M50Q44R","System.Byte[]","10489","(13824)","13824","SuccessAudit","Credential Manager credentials were read.

Subject:
	Security ID:		S-1-5-18
	Account Name:		DESKTOP-M50Q44R$
	Account Domain:		WORKGROUP
	Logon ID:		0x3e7
	Read Operation:		%%8100

This event occurs when a user performs a read operation on stored credentials in Credential Manager.","Microsoft-Windows-Security-Auditing","System.String[]","5379","11/10/2023 8:54:21 AM","11/10/2023 8:54:21 AM",,,
"5379","DESKTOP-M50Q44R","System.Byte[]","10488","(13824)","13824","SuccessAudit","Credential Manager credentials were read.

Subject:
	Security ID:		S-1-5-18
	Account Name:		DESKTOP-M50Q44R$
	Account Domain:		WORKGROUP
	Logon ID:		0x3e7
	Read Operation:		%%8100

This event occurs when a user performs a read operation on stored credentials in Credential Manager.","Microsoft-Windows-Security-Auditing","System.String[]","5379","11/10/2023 8:54:21 AM","11/10/2023 8:54:21 AM",,,
"4672","DESKTOP-M50Q44R","System.Byte[]","10487","(12548)","12548","SuccessAudit","Special privileges assigned to new logon.

Subject:
	Security ID:		S-1-5-18
	Account Name:		SYSTEM
	Account Domain:		NT AUTHORITY
	Logon ID:		0x3e7

Privileges:		SeAssignPrimaryTokenPrivilege
			SeTcbPrivilege
			SeSecurityPrivilege
			SeTakeOwnershipPrivilege
			SeLoadDriverPrivilege
			SeBackupPrivilege
			SeRestorePrivilege
			SeDebugPrivilege
			SeAuditPrivilege
			SeSystemEnvironmentPrivilege
			SeImpersonatePrivilege
			SeDelegateSessionUserImpersonatePrivilege","Microsoft-Windows-Security-Auditing","System.String[]","4672","11/10/2023 8:54:11 AM","11/10/2023 8:54:11 AM",,,
"4624","DESKTOP-M50Q44R","System.Byte[]","10486","(12544)","12544","SuccessAudit","An account was successfully logged on.

Subject:
	Security ID:		S-1-5-18
	Account Name:		DESKTOP-M50Q44R$
	Account Domain:		WORKGROUP
	Logon ID:		0x3e7

Logon Information:
	Logon Type:		5
	Restricted Admin Mode:	-
	Virtual Account:		%%1843
	Elevated Token:		%%1842

Impersonation Level:		%%1833

New Logon:
	Security ID:		S-1-5-18
	Account Name:		SYSTEM
	Account Domain:		NT AUTHORITY
	Logon ID:		0x3e7
	Linked Logon ID:		0x0
	Network Account Name:	-
	Network Account Domain:	-
	Logon GUID:		{00000000-0000-0000-0000-000000000000}

Process Information:
	Process ID:		0x270
	Process Name:		C:\Windows\System32\services.exe

Network Information:
	Workstation Name:	-
	Source Network Address:	-
	Source Port:		-

Detailed Authentication Information:
	Logon Process:		Advapi  
	Authentication Package:	Negotiate
	Transited Services:	-
	Package Name (NTLM only):	-
	Key Length:		0

This event is generated when a logon session is created. It is generated on the computer that was accessed.

The subject fields indicate the account on the local system which requested the logon. This is most commonly a service such as the Server service, or a local process such as Winlogon.exe or Services.exe.

The logon type field indicates the kind of logon that occurred. The most common types are 2 (interactive) and 3 (network).

The New Logon fields indicate the account for whom the new logon was created, i.e. the account that was logged on.

The network fields indicate where a remote logon request originated. Workstation name is not always available and may be left blank in some cases.

The impersonation level field indicates the extent to which a process in the logon session can impersonate.

The authentication information fields provide detailed information about this specific logon request.
	- Logon GUID is a unique identifier that can be used to correlate this event with a KDC event.
	- Transited services indicate which intermediate services have participated in this logon request.
	- Package name indicates which sub-protocol was used among the NTLM protocols.
	- Key length indicates the length of the generated session key. This will be 0 if no session key was requested.","Microsoft-Windows-Security-Auditing","System.String[]","4624","11/10/2023 8:54:11 AM","11/10/2023 8:54:11 AM",,,
"5379","DESKTOP-M50Q44R","System.Byte[]","10485","(13824)","13824","SuccessAudit","Credential Manager credentials were read.

Subject:
	Security ID:		S-1-5-18
	Account Name:		DESKTOP-M50Q44R$
	Account Domain:		WORKGROUP
	Logon ID:		0x3e7
	Read Operation:		%%8100

This event occurs when a user performs a read operation on stored credentials in Credential Manager.","Microsoft-Windows-Security-Auditing","System.String[]","5379","11/10/2023 8:54:11 AM","11/10/2023 8:54:11 AM",,,
"5379","DESKTOP-M50Q44R","System.Byte[]","10484","(13824)","13824","SuccessAudit","Credential Manager credentials were read.

Subject:
	Security ID:		S-1-5-18
	Account Name:		DESKTOP-M50Q44R$
	Account Domain:		WORKGROUP
	Logon ID:		0x3e7
	Read Operation:		%%8100

This event occurs when a user performs a read operation on stored credentials in Credential Manager.","Microsoft-Windows-Security-Auditing","System.String[]","5379","11/10/2023 8:54:11 AM","11/10/2023 8:54:11 AM",,,
"5379","DESKTOP-M50Q44R","System.Byte[]","10483","(13824)","13824","SuccessAudit","Credential Manager credentials were read.

Subject:
	Security ID:		S-1-5-18
	Account Name:		DESKTOP-M50Q44R$
	Account Domain:		WORKGROUP
	Logon ID:		0x3e7
	Read Operation:		%%8100

This event occurs when a user performs a read operation on stored credentials in Credential Manager.","Microsoft-Windows-Security-Auditing","System.String[]","5379","11/10/2023 8:54:11 AM","11/10/2023 8:54:11 AM",,,
"4672","DESKTOP-M50Q44R","System.Byte[]","10482","(12548)","12548","SuccessAudit","Special privileges assigned to new logon.

Subject:
	Security ID:		S-1-5-18
	Account Name:		SYSTEM
	Account Domain:		NT AUTHORITY
	Logon ID:		0x3e7

Privileges:		SeAssignPrimaryTokenPrivilege
			SeTcbPrivilege
			SeSecurityPrivilege
			SeTakeOwnershipPrivilege
			SeLoadDriverPrivilege
			SeBackupPrivilege
			SeRestorePrivilege
			SeDebugPrivilege
			SeAuditPrivilege
			SeSystemEnvironmentPrivilege
			SeImpersonatePrivilege
			SeDelegateSessionUserImpersonatePrivilege","Microsoft-Windows-Security-Auditing","System.String[]","4672","11/10/2023 8:54:11 AM","11/10/2023 8:54:11 AM",,,
"4624","DESKTOP-M50Q44R","System.Byte[]","10481","(12544)","12544","SuccessAudit","An account was successfully logged on.

Subject:
	Security ID:		S-1-5-18
	Account Name:		DESKTOP-M50Q44R$
	Account Domain:		WORKGROUP
	Logon ID:		0x3e7

Logon Information:
	Logon Type:		5
	Restricted Admin Mode:	-
	Virtual Account:		%%1843
	Elevated Token:		%%1842

Impersonation Level:		%%1833

New Logon:
	Security ID:		S-1-5-18
	Account Name:		SYSTEM
	Account Domain:		NT AUTHORITY
	Logon ID:		0x3e7
	Linked Logon ID:		0x0
	Network Account Name:	-
	Network Account Domain:	-
	Logon GUID:		{00000000-0000-0000-0000-000000000000}

Process Information:
	Process ID:		0x270
	Process Name:		C:\Windows\System32\services.exe

Network Information:
	Workstation Name:	-
	Source Network Address:	-
	Source Port:		-

Detailed Authentication Information:
	Logon Process:		Advapi  
	Authentication Package:	Negotiate
	Transited Services:	-
	Package Name (NTLM only):	-
	Key Length:		0

This event is generated when a logon session is created. It is generated on the computer that was accessed.

The subject fields indicate the account on the local system which requested the logon. This is most commonly a service such as the Server service, or a local process such as Winlogon.exe or Services.exe.

The logon type field indicates the kind of logon that occurred. The most common types are 2 (interactive) and 3 (network).

The New Logon fields indicate the account for whom the new logon was created, i.e. the account that was logged on.

The network fields indicate where a remote logon request originated. Workstation name is not always available and may be left blank in some cases.

The impersonation level field indicates the extent to which a process in the logon session can impersonate.

The authentication information fields provide detailed information about this specific logon request.
	- Logon GUID is a unique identifier that can be used to correlate this event with a KDC event.
	- Transited services indicate which intermediate services have participated in this logon request.
	- Package name indicates which sub-protocol was used among the NTLM protocols.
	- Key length indicates the length of the generated session key. This will be 0 if no session key was requested.","Microsoft-Windows-Security-Auditing","System.String[]","4624","11/10/2023 8:54:11 AM","11/10/2023 8:54:11 AM",,,
"4616","DESKTOP-M50Q44R","System.Byte[]","10480","(12288)","12288","SuccessAudit","The system time was changed.

Subject:
	Security ID:		S-1-5-18
	Account Name:		DESKTOP-M50Q44R$
	Account Domain:		WORKGROUP
	Logon ID:		0x3e7

Process Information:
	Process ID:	0x9d4
	Name:		C:\Program Files\VMware\VMware Tools\vmtoolsd.exe

Previous Time:		2023-11-09T00:31:30.056037600Z
New Time:		2023-11-10T13:54:11.406000000Z

This event is generated when the system time is changed. It is normal for the Windows Time Service, which runs with System privilege, to change the system time on a regular basis. Other system time changes may be indicative of attempts to tamper with the computer.","Microsoft-Windows-Security-Auditing","System.String[]","4616","11/10/2023 8:54:11 AM","11/10/2023 8:54:11 AM",,,
